app/build/intermediates/manifest_merge_blame_file/debug/manifest-merger-blame-debug-report.txt
1<?xml version="1.0" encoding="utf-8"?>
2<manifest xmlns:android="http://schemas.android.com/apk/res/android"
3    package="com.example.fundcontrol"
4    android:versionCode="1"
5    android:versionName="1.0" >
6
7    <uses-sdk
8        android:minSdkVersion="19"
8-->src\main\AndroidManifest.xml
9        android:targetSdkVersion="29" />
9-->src\main\AndroidManifest.xml
10
11    <application
11-->src\main\AndroidManifest.xml:5:5-28:19
12        android:name="com.example.fundcontrol.App"
12-->src\main\AndroidManifest.xml:6:9-51
13        android:allowBackup="true"
13-->src\main\AndroidManifest.xml:7:9-35
14        android:appComponentFactory="androidx.core.app.CoreComponentFactory"
14-->[androidx.core:core:1.0.2] AndroidManifest.xml:22:18-86
15        android:debuggable="true"
16        android:icon="@mipmap/ic_launcher"
16-->src\main\AndroidManifest.xml:8:9-43
17        android:label="@string/app_name"
17-->src\main\AndroidManifest.xml:9:9-41
18        android:roundIcon="@mipmap/ic_launcher_round"
18-->src\main\AndroidManifest.xml:10:9-54
19        android:supportsRtl="true"
19-->src\main\AndroidManifest.xml:11:9-35
20        android:testOnly="true"
21        android:theme="@style/AppTheme" >
21-->src\main\AndroidManifest.xml:12:9-40
22        <activity
22-->src\main\AndroidManifest.xml:13:9-15:52
23            android:name="com.example.fundcontrol.DetailedActivity"
23-->src\main\AndroidManifest.xml:14:13-68
24            android:screenOrientation="portrait" />
24-->src\main\AndroidManifest.xml:15:13-49
25        <activity
25-->src\main\AndroidManifest.xml:16:9-18:52
26            android:name="com.example.fundcontrol.CreateTransactionActivity"
26-->src\main\AndroidManifest.xml:17:13-77
27            android:screenOrientation="portrait" />
27-->src\main\AndroidManifest.xml:18:13-49
28        <activity
28-->src\main\AndroidManifest.xml:19:9-27:20
29            android:name="com.example.fundcontrol.MainActivity"
29-->src\main\AndroidManifest.xml:20:13-64
30            android:screenOrientation="portrait" >
30-->src\main\AndroidManifest.xml:21:13-49
31            <intent-filter>
31-->src\main\AndroidManifest.xml:22:13-26:29
32                <action android:name="android.intent.action.MAIN" />
32-->src\main\AndroidManifest.xml:23:17-69
32-->src\main\AndroidManifest.xml:23:25-66
33
34                <category android:name="android.intent.category.LAUNCHER" />
34-->src\main\AndroidManifest.xml:25:17-77
34-->src\main\AndroidManifest.xml:25:27-74
35            </intent-filter>
36        </activity>
37        <activity
37-->[com.github.balrampandey19:AppLocker:1.0.1] AndroidManifest.xml:15:9-18:57
38            android:name="com.balram.locker.view.LockActivity"
38-->[com.github.balrampandey19:AppLocker:1.0.1] AndroidManifest.xml:16:13-63
39            android:theme="@style/Theme.AppCompat.Light.NoActionBar"
39-->[com.github.balrampandey19:AppLocker:1.0.1] AndroidManifest.xml:17:13-69
40            android:windowSoftInputMode="stateHidden" />
40-->[com.github.balrampandey19:AppLocker:1.0.1] AndroidManifest.xml:18:13-54
41        <activity
41-->[com.github.balrampandey19:AppLocker:1.0.1] AndroidManifest.xml:19:9-22:57
42            android:name="com.balram.locker.main.PatternLockActivity"
42-->[com.github.balrampandey19:AppLocker:1.0.1] AndroidManifest.xml:20:13-70
43            android:theme="@style/Theme.AppCompat.Light.NoActionBar"
43-->[com.github.balrampandey19:AppLocker:1.0.1] AndroidManifest.xml:21:13-69
44            android:windowSoftInputMode="stateHidden" />
44-->[com.github.balrampandey19:AppLocker:1.0.1] AndroidManifest.xml:22:13-54
45    </application>
46
47</manifest>